<?xml version="1.0" encoding="UTF-8"?>
<testsuite xmlns:xsi="http://www.w3.org/2001/XMLSchema-instance" xsi:noNamespaceSchemaLocation="https://maven.apache.org/surefire/maven-surefire-plugin/xsd/surefire-test-report.xsd" name="souza.aline.CheckoutTest" time="19.766" tests="6" errors="0" skipped="0" failures="0">
  <properties>
    <property name="sun.desktop" value="gnome"/>
    <property name="awt.toolkit" value="sun.awt.X11.XToolkit"/>
    <property name="java.specification.version" value="11"/>
    <property name="sun.cpu.isalist" value=""/>
    <property name="sun.jnu.encoding" value="UTF-8"/>
    <property name="java.class.path" value="/home/aline/Área de Trabalho/kata09/target/test-classes:/home/aline/Área de Trabalho/kata09/target/classes:/home/aline/.m2/repository/org/junit/jupiter/junit-jupiter-api/5.5.1/junit-jupiter-api-5.5.1.jar:/home/aline/.m2/repository/org/apiguardian/apiguardian-api/1.1.0/apiguardian-api-1.1.0.jar:/home/aline/.m2/repository/org/opentest4j/opentest4j/1.2.0/opentest4j-1.2.0.jar:/home/aline/.m2/repository/org/junit/platform/junit-platform-commons/1.5.1/junit-platform-commons-1.5.1.jar:/home/aline/.m2/repository/org/junit/jupiter/junit-jupiter-engine/5.5.1/junit-jupiter-engine-5.5.1.jar:/home/aline/.m2/repository/org/junit/platform/junit-platform-engine/1.5.1/junit-platform-engine-1.5.1.jar:/home/aline/.m2/repository/org/mockito/mockito-scala-cats_2.12/1.5.14/mockito-scala-cats_2.12-1.5.14.jar:/home/aline/.m2/repository/org/scala-lang/scala-library/2.12.9/scala-library-2.12.9.jar:/home/aline/.m2/repository/org/mockito/mockito-scala_2.12/1.5.14/mockito-scala_2.12-1.5.14.jar:/home/aline/.m2/repository/org/mockito/mockito-core/3.0.0/mockito-core-3.0.0.jar:/home/aline/.m2/repository/net/bytebuddy/byte-buddy/1.9.10/byte-buddy-1.9.10.jar:/home/aline/.m2/repository/net/bytebuddy/byte-buddy-agent/1.9.10/byte-buddy-agent-1.9.10.jar:/home/aline/.m2/repository/org/objenesis/objenesis/2.6/objenesis-2.6.jar:/home/aline/.m2/repository/org/scalactic/scalactic_2.12/3.0.8/scalactic_2.12-3.0.8.jar:/home/aline/.m2/repository/ru/vyarus/generics-resolver/3.0.0/generics-resolver-3.0.0.jar:/home/aline/.m2/repository/org/scala-lang/scala-reflect/2.12.9/scala-reflect-2.12.9.jar:"/>
    <property name="java.vm.vendor" value="Ubuntu"/>
    <property name="sun.arch.data.model" value="64"/>
    <property name="java.vendor.url" value="https://ubuntu.com/"/>
    <property name="user.timezone" value=""/>
    <property name="java.vm.specification.version" value="11"/>
    <property name="os.name" value="Linux"/>
    <property name="sun.java.launcher" value="SUN_STANDARD"/>
    <property name="user.country" value="BR"/>
    <property name="sun.boot.library.path" value="/usr/lib/jvm/java-11-openjdk-amd64/lib"/>
    <property name="sun.java.command" value="/home/aline/Área de Trabalho/kata09/target/surefire/surefirebooter2582505139148554582.jar /home/aline/Área de Trabalho/kata09/target/surefire 2019-09-02T22-46-26_558-jvmRun1 surefire17151327222364521927tmp surefire_01959541941605492750tmp"/>
    <property name="jdk.debug" value="release"/>
    <property name="surefire.test.class.path" value="/home/aline/Área de Trabalho/kata09/target/test-classes:/home/aline/Área de Trabalho/kata09/target/classes:/home/aline/.m2/repository/org/junit/jupiter/junit-jupiter-api/5.5.1/junit-jupiter-api-5.5.1.jar:/home/aline/.m2/repository/org/apiguardian/apiguardian-api/1.1.0/apiguardian-api-1.1.0.jar:/home/aline/.m2/repository/org/opentest4j/opentest4j/1.2.0/opentest4j-1.2.0.jar:/home/aline/.m2/repository/org/junit/platform/junit-platform-commons/1.5.1/junit-platform-commons-1.5.1.jar:/home/aline/.m2/repository/org/junit/jupiter/junit-jupiter-engine/5.5.1/junit-jupiter-engine-5.5.1.jar:/home/aline/.m2/repository/org/junit/platform/junit-platform-engine/1.5.1/junit-platform-engine-1.5.1.jar:/home/aline/.m2/repository/org/mockito/mockito-scala-cats_2.12/1.5.14/mockito-scala-cats_2.12-1.5.14.jar:/home/aline/.m2/repository/org/scala-lang/scala-library/2.12.9/scala-library-2.12.9.jar:/home/aline/.m2/repository/org/mockito/mockito-scala_2.12/1.5.14/mockito-scala_2.12-1.5.14.jar:/home/aline/.m2/repository/org/mockito/mockito-core/3.0.0/mockito-core-3.0.0.jar:/home/aline/.m2/repository/net/bytebuddy/byte-buddy/1.9.10/byte-buddy-1.9.10.jar:/home/aline/.m2/repository/net/bytebuddy/byte-buddy-agent/1.9.10/byte-buddy-agent-1.9.10.jar:/home/aline/.m2/repository/org/objenesis/objenesis/2.6/objenesis-2.6.jar:/home/aline/.m2/repository/org/scalactic/scalactic_2.12/3.0.8/scalactic_2.12-3.0.8.jar:/home/aline/.m2/repository/ru/vyarus/generics-resolver/3.0.0/generics-resolver-3.0.0.jar:/home/aline/.m2/repository/org/scala-lang/scala-reflect/2.12.9/scala-reflect-2.12.9.jar:"/>
    <property name="sun.cpu.endian" value="little"/>
    <property name="user.home" value="/home/aline"/>
    <property name="user.language" value="pt"/>
    <property name="java.specification.vendor" value="Oracle Corporation"/>
    <property name="java.version.date" value="2019-07-16"/>
    <property name="java.home" value="/usr/lib/jvm/java-11-openjdk-amd64"/>
    <property name="file.separator" value="/"/>
    <property name="basedir" value="/home/aline/Área de Trabalho/kata09"/>
    <property name="java.vm.compressedOopsMode" value="32-bit"/>
    <property name="line.separator" value="&#10;"/>
    <property name="java.specification.name" value="Java Platform API Specification"/>
    <property name="java.vm.specification.vendor" value="Oracle Corporation"/>
    <property name="java.awt.graphicsenv" value="sun.awt.X11GraphicsEnvironment"/>
    <property name="surefire.real.class.path" value="/home/aline/Área de Trabalho/kata09/target/surefire/surefirebooter2582505139148554582.jar"/>
    <property name="sun.management.compiler" value="HotSpot 64-Bit Tiered Compilers"/>
    <property name="java.runtime.version" value="11.0.4+11-post-Ubuntu-1ubuntu218.04.3"/>
    <property name="user.name" value="aline"/>
    <property name="path.separator" value=":"/>
    <property name="os.version" value="4.15.0-58-generic"/>
    <property name="java.runtime.name" value="OpenJDK Runtime Environment"/>
    <property name="file.encoding" value="UTF-8"/>
    <property name="java.vm.name" value="OpenJDK 64-Bit Server VM"/>
    <property name="localRepository" value="/home/aline/.m2/repository"/>
    <property name="java.vendor.url.bug" value="https://bugs.launchpad.net/ubuntu/+source/openjdk-lts"/>
    <property name="java.io.tmpdir" value="/tmp"/>
    <property name="java.version" value="11.0.4"/>
    <property name="user.dir" value="/home/aline/Área de Trabalho/kata09"/>
    <property name="os.arch" value="amd64"/>
    <property name="java.vm.specification.name" value="Java Virtual Machine Specification"/>
    <property name="java.awt.printerjob" value="sun.print.PSPrinterJob"/>
    <property name="sun.os.patch.level" value="unknown"/>
    <property name="java.library.path" value="/usr/java/packages/lib:/usr/lib/x86_64-linux-gnu/jni:/lib/x86_64-linux-gnu:/usr/lib/x86_64-linux-gnu:/usr/lib/jni:/lib:/usr/lib"/>
    <property name="java.vendor" value="Ubuntu"/>
    <property name="java.vm.info" value="mixed mode, sharing"/>
    <property name="java.vm.version" value="11.0.4+11-post-Ubuntu-1ubuntu218.04.3"/>
    <property name="sun.io.unicode.encoding" value="UnicodeLittle"/>
    <property name="java.class.version" value="55.0"/>
  </properties>
  <testcase name="scanWithUnregisteredItem" classname="souza.aline.CheckoutTest" time="0.003"/>
  <testcase name="hasPriceWithUnregisteredItem" classname="souza.aline.CheckoutTest" time="0"/>
  <testcase name="getTotalWithNoItems" classname="souza.aline.CheckoutTest" time="0"/>
  <testcase name="getTotalWithMultipleItems" classname="souza.aline.CheckoutTest" time="18.325"/>
  <testcase name="scanWithRegisteredItems" classname="souza.aline.CheckoutTest" time="0.005"/>
  <testcase name="hasPriceWithRegisteredItem" classname="souza.aline.CheckoutTest" time="0.003"/>
</testsuite>